[INFO] Scanning for projects...
[INFO] Inspecting build with total of 1 modules
[INFO] Installing Central Publishing features
[INFO] 
[INFO] ---------------< com.brihaspathee.artemis:config-server >---------------
[INFO] Building config-server 1.0.0
[INFO] --------------------------------[ jar ]---------------------------------
[INFO] 
[INFO] --- maven-clean-plugin:3.4.1:clean (default-clean) @ config-server ---
[INFO] Deleting /Users/balaji/Documents/mac-mini/Projects.nosync/artemis/services/config-server/target
[INFO] 
[INFO] --- maven-resources-plugin:3.3.1:resources (default-resources) @ config-server ---
[INFO] Copying 2 resources from src/main/resources to target/classes
[INFO] Copying 1 resource from src/main/resources to target/classes
[INFO] 
[INFO] --- maven-compiler-plugin:3.8.1:compile (default-compile) @ config-server ---
[INFO] Changes detected - recompiling the module!
[INFO] Compiling 1 source file to /Users/balaji/Documents/mac-mini/Projects.nosync/artemis/services/config-server/target/classes
[INFO] 
[INFO] --- maven-resources-plugin:3.3.1:testResources (default-testResources) @ config-server ---
[INFO] skip non existing resourceDirectory /Users/balaji/Documents/mac-mini/Projects.nosync/artemis/services/config-server/src/test/resources
[INFO] 
[INFO] --- maven-compiler-plugin:3.8.1:testCompile (default-testCompile) @ config-server ---
[INFO] Changes detected - recompiling the module!
[INFO] Compiling 1 source file to /Users/balaji/Documents/mac-mini/Projects.nosync/artemis/services/config-server/target/test-classes
[INFO] 
[INFO] --- maven-surefire-plugin:3.5.2:test (default-test) @ config-server ---
[INFO] Using auto detected provider org.apache.maven.surefire.junitplatform.JUnitPlatformProvider
[INFO] 
[INFO] -------------------------------------------------------
[INFO]  T E S T S
[INFO] -------------------------------------------------------
[INFO] Running com.brihaspathee.artemis.ConfigServerApplicationTests
18:00:28.801 [main] INFO org.springframework.test.context.support.AnnotationConfigContextLoaderUtils -- Could not detect default configuration classes for test class [com.brihaspathee.artemis.ConfigServerApplicationTests]: ConfigServerApplicationTests does not declare any static, non-private, non-final, nested classes annotated with @Configuration.
18:00:28.847 [main] INFO org.springframework.boot.test.context.SpringBootTestContextBootstrapper -- Found @SpringBootConfiguration com.brihaspathee.artemis.ConfigServerApplication for test class com.brihaspathee.artemis.ConfigServerApplicationTests

  .   ____          _            __ _ _
 /\\ / ___'_ __ _ _(_)_ __  __ _ \ \ \ \
( ( )\___ | '_ | '_| | '_ \/ _` | \ \ \ \
 \\/  ___)| |_)| | | | | || (_| |  ) ) ) )
  '  |____| .__|_| |_|_| |_\__, | / / / /
 =========|_|==============|___/=/_/_/_/

 :: Spring Boot ::                (v3.4.3)

2025-03-16T18:00:29.236-04:00  INFO 15896 --- [config-server] [           main] c.b.a.ConfigServerApplicationTests       : Starting ConfigServerApplicationTests using Java 21.0.3 with PID 15896 (started by balaji in /Users/balaji/Documents/mac-mini/Projects.nosync/artemis/services/config-server)
2025-03-16T18:00:29.237-04:00  INFO 15896 --- [config-server] [           main] c.b.a.ConfigServerApplicationTests       : The following 1 profile is active: "native"
2025-03-16T18:00:29.856-04:00  INFO 15896 --- [config-server] [           main] o.s.cloud.context.scope.GenericScope     : BeanFactory id=c9795f3c-bc81-309b-9223-1818dbb3585f
2025-03-16T18:00:30.899-04:00  INFO 15896 --- [config-server] [           main] c.b.a.ConfigServerApplicationTests       : Started ConfigServerApplicationTests in 1.877 seconds (process running for 2.428)
Mockito is currently self-attaching to enable the inline-mock-maker. This will no longer work in future releases of the JDK. Please add Mockito as an agent to your build what is described in Mockito's documentation: https://javadoc.io/doc/org.mockito/mockito-core/latest/org/mockito/Mockito.html#0.3
Java HotSpot(TM) 64-Bit Server VM warning: Sharing is only supported for boot loader classes because bootstrap classpath has been appended
WARNING: A Java agent has been loaded dynamically (/Users/balaji/.m2/repository/net/bytebuddy/byte-buddy-agent/1.15.11/byte-buddy-agent-1.15.11.jar)
WARNING: If a serviceability tool is in use, please run with -XX:+EnableDynamicAgentLoading to hide this warning
WARNING: If a serviceability tool is not in use, please run with -Djdk.instrument.traceUsage for more information
WARNING: Dynamic loading of agents will be disallowed by default in a future release
[INFO] Tests run: 1, Failures: 0, Errors: 0, Skipped: 0, Time elapsed: 2.651 s -- in com.brihaspathee.artemis.ConfigServerApplicationTests
[INFO] 
[INFO] Results:
[INFO] 
[INFO] Tests run: 1, Failures: 0, Errors: 0, Skipped: 0
[INFO] 
[INFO] 
[INFO] --- maven-jar-plugin:3.4.2:jar (default-jar) @ config-server ---
[INFO] Building jar: /Users/balaji/Documents/mac-mini/Projects.nosync/artemis/services/config-server/target/config-server-1.0.0.jar
[INFO] 
[INFO] --- spring-boot-maven-plugin:3.4.3:repackage (repackage) @ config-server ---
[INFO] Replacing main artifact /Users/balaji/Documents/mac-mini/Projects.nosync/artemis/services/config-server/target/config-server-1.0.0.jar with repackaged archive, adding nested dependencies in BOOT-INF/.
[INFO] The original artifact has been renamed to /Users/balaji/Documents/mac-mini/Projects.nosync/artemis/services/config-server/target/config-server-1.0.0.jar.original
[INFO] 
[INFO] --- maven-source-plugin:3.2.1:jar-no-fork (attach-sources) @ config-server ---
[INFO] Building jar: /Users/balaji/Documents/mac-mini/Projects.nosync/artemis/services/config-server/target/config-server-1.0.0-sources.jar
[INFO] 
[INFO] --- maven-javadoc-plugin:3.3.0:jar (attach-javadocs) @ config-server ---
[ERROR] Error fetching link: /Users/balaji/Documents/mac-mini/Projects.nosync/artemis/services/config-server/target/javadoc-bundle-options. Ignored it.
[INFO] No previous run data found, generating javadoc.
[WARNING] Javadoc Warnings
[WARNING] Loading source files for package com.brihaspathee.artemis...
[WARNING] Constructing Javadoc information...
[WARNING] Building index for all the packages and classes...
[WARNING] Standard Doclet version 21.0.3+7-LTS-152
[WARNING] Building tree for all the packages and classes...
[WARNING] Generating /Users/balaji/Documents/mac-mini/Projects.nosync/artemis/services/config-server/target/apidocs/com/brihaspathee/artemis/ConfigServerApplication.html...
[WARNING] /Users/balaji/Documents/mac-mini/Projects.nosync/artemis/services/config-server/src/main/java/com/brihaspathee/artemis/ConfigServerApplication.java:9: warning: no comment
[WARNING] public class ConfigServerApplication {
[WARNING] ^
[WARNING] /Users/balaji/Documents/mac-mini/Projects.nosync/artemis/services/config-server/src/main/java/com/brihaspathee/artemis/ConfigServerApplication.java:9: warning: use of default constructor, which does not provide a comment
[WARNING] public class ConfigServerApplication {
[WARNING] ^
[WARNING] /Users/balaji/Documents/mac-mini/Projects.nosync/artemis/services/config-server/src/main/java/com/brihaspathee/artemis/ConfigServerApplication.java:11: warning: no comment
[WARNING] public static void main(String[] args) {
[WARNING] ^
[WARNING] Generating /Users/balaji/Documents/mac-mini/Projects.nosync/artemis/services/config-server/target/apidocs/com/brihaspathee/artemis/package-summary.html...
[WARNING] Generating /Users/balaji/Documents/mac-mini/Projects.nosync/artemis/services/config-server/target/apidocs/com/brihaspathee/artemis/package-tree.html...
[WARNING] Generating /Users/balaji/Documents/mac-mini/Projects.nosync/artemis/services/config-server/target/apidocs/com/brihaspathee/artemis/class-use/ConfigServerApplication.html...
[WARNING] Generating /Users/balaji/Documents/mac-mini/Projects.nosync/artemis/services/config-server/target/apidocs/com/brihaspathee/artemis/package-use.html...
[WARNING] Generating /Users/balaji/Documents/mac-mini/Projects.nosync/artemis/services/config-server/target/apidocs/overview-tree.html...
[WARNING] Building index for all classes...
[WARNING] Generating /Users/balaji/Documents/mac-mini/Projects.nosync/artemis/services/config-server/target/apidocs/allclasses-index.html...
[WARNING] Generating /Users/balaji/Documents/mac-mini/Projects.nosync/artemis/services/config-server/target/apidocs/allpackages-index.html...
[WARNING] Generating /Users/balaji/Documents/mac-mini/Projects.nosync/artemis/services/config-server/target/apidocs/index-all.html...
[WARNING] Generating /Users/balaji/Documents/mac-mini/Projects.nosync/artemis/services/config-server/target/apidocs/search.html...
[WARNING] Generating /Users/balaji/Documents/mac-mini/Projects.nosync/artemis/services/config-server/target/apidocs/index.html...
[WARNING] Generating /Users/balaji/Documents/mac-mini/Projects.nosync/artemis/services/config-server/target/apidocs/help-doc.html...
[WARNING] 3 warnings
[INFO] Building jar: /Users/balaji/Documents/mac-mini/Projects.nosync/artemis/services/config-server/target/config-server-1.0.0-javadoc.jar
[INFO] 
[INFO] --- maven-gpg-plugin:1.5:sign (sign-artifacts) @ config-server ---
[INFO] ------------------------------------------------------------------------
[INFO] BUILD SUCCESS
[INFO] ------------------------------------------------------------------------
[INFO] Total time:  6.747 s
[INFO] Finished at: 2025-03-16T18:00:33-04:00
[INFO] ------------------------------------------------------------------------
